<?xml version="1.0" encoding="utf-8"?><testsuites name="pytest tests"><testsuite name="pytest" errors="0" failures="0" skipped="0" tests="6" time="8.341" timestamp="2026-08-04T22:05:51.364811+00:00" hostname="agent-env-d6f498a4-8d80-463e-a294-fb61a102a7c0"><testcase classname="tests.test_iteration_2.TestHindsightReflect" name="test_reflect_produces_reflection_on_durable_preference" time="3.550" /><testcase classname="tests.test_iteration_2.TestArtifactEdit" name="test_patch_replaces_nth_artifact_content" time="2.741" /><testcase classname="tests.test_iteration_2.TestArtifactEdit" name="test_patch_missing_message_404" time="0.445" /><testcase classname="tests.test_iteration_2.TestHindsightListDelete" name="test_list_and_delete_flow" time="3.393" /><testcase classname="tests.test_iteration_2.TestHindsightReflect" name="test_reflect_dedup_no_duplicate_summaries" time="3.849" /><testcase classname="tests.test_iteration_2.TestHindsightReflect" name="test_reflect_empty_conversation" time="0.367" /></testsuite></testsuites>