<?xml version="1.0" encoding="utf-8"?><testsuites name="pytest tests"><testsuite name="pytest" errors="0" failures="0" skipped="0" tests="12" time="9.796" timestamp="2026-08-04T21:50:47.099901+00:00" hostname="agent-env-d6f498a4-8d80-463e-a294-fb61a102a7c0"><testcase classname="tests.backend_test.TestConversationsCRUD" name="test_create_and_get" time="0.608" /><testcase classname="tests.backend_test.TestStreaming" name="test_normal_stream_emits_start_delta_done" time="2.425" /><testcase classname="tests.backend_test.TestConversationsCRUD" name="test_list_contains_new" time="0.415" /><testcase classname="tests.backend_test.TestConversationsCRUD" name="test_delete_removes" time="0.608" /><testcase classname="tests.backend_test.TestConversationsCRUD" name="test_get_missing_404" time="0.127" /><testcase classname="tests.backend_test.TestEditRetry" name="test_retry_regenerates" time="2.582" /><testcase classname="tests.backend_test.TestStreaming" name="test_tool_call_calculate" time="2.488" /><testcase classname="tests.backend_test.TestEditRetry" name="test_edit_replaces_from_user_message" time="2.590" /><testcase classname="tests.backend_test.TestStreaming" name="test_tool_call_get_current_time" time="2.341" /><testcase classname="tests.backend_test" name="test_health_root" time="0.183" /><testcase classname="tests.backend_test.TestUploads" name="test_upload_image_and_download" time="0.738" /><testcase classname="tests.backend_test.TestStreaming" name="test_artifact_markers" time="1.972" /></testsuite></testsuites>