<?xml version="1.0" encoding="utf-8"?><testsuites name="pytest tests"><testsuite name="pytest" errors="0" failures="1" skipped="0" tests="12" time="9.261" timestamp="2026-08-04T22:06:04.137812+00:00" hostname="agent-env-d6f498a4-8d80-463e-a294-fb61a102a7c0"><testcase classname="tests.backend_test.TestConversationsCRUD" name="test_create_and_get" time="0.128"><failure message="AssertionError: assert 'Untitled' == 'New conversation'&#10;  &#10;  - New conversation&#10;  + Untitled">backend/tests/backend_test.py:80: in test_create_and_get
    assert conv["title"] == "New conversation"
E   AssertionError: assert 'Untitled' == 'New conversation'
E     
E     - New conversation
E     + Untitled</failure></testcase><testcase classname="tests.backend_test.TestConversationsCRUD" name="test_list_contains_new" time="0.349" /><testcase classname="tests.backend_test.TestStreaming" name="test_normal_stream_emits_start_delta_done" time="1.583" /><testcase classname="tests.backend_test.TestConversationsCRUD" name="test_delete_removes" time="0.401" /><testcase classname="tests.backend_test.TestConversationsCRUD" name="test_get_missing_404" time="0.112" /><testcase classname="tests.backend_test.TestEditRetry" name="test_retry_regenerates" time="2.413" /><testcase classname="tests.backend_test.TestStreaming" name="test_tool_call_calculate" time="2.474" /><testcase classname="tests.backend_test.TestEditRetry" name="test_edit_replaces_from_user_message" time="2.634" /><testcase classname="tests.backend_test.TestStreaming" name="test_tool_call_get_current_time" time="2.874" /><testcase classname="tests.backend_test" name="test_health_root" time="0.126" /><testcase classname="tests.backend_test.TestUploads" name="test_upload_image_and_download" time="0.933" /><testcase classname="tests.backend_test.TestStreaming" name="test_artifact_markers" time="1.732" /></testsuite></testsuites>